<?xml version="1.0" encoding="UTF-8"?>
<!-- Generated by org.testng.reporters.JUnitXMLReporter -->
<testsuite hostname="PCIN468887" ignored="0" name="Test" tests="20" failures="0" timestamp="12 Mar 2021 04:46:42 GMT" time="339.222" errors="0">
  <testcase name="@AfterTest closeBrower" time="14.7" classname="com.hospital.qa.testcases.SearchHospitalTest">
    <failure type="java.lang.NullPointerException">
      <![CDATA[java.lang.NullPointerException
	at com.hospital.qa.testcases.SearchHospitalTest.closeBrower(SearchHospitalTest.java:729)
... Removed 23 stack frames]]>
    </failure>
  </testcase> <!-- @AfterTest closeBrower -->
  <testcase name="displayHospitals" time="91.542" classname="com.hospital.qa.testcases.SearchHospitalTest"/>
  <testcase name="goToTopCity" time="4.629" classname="com.hospital.qa.testcases.SearchHospitalTest"/>
  <testcase name="clickCorporateWellness" time="1.065" classname="com.hospital.qa.testcases.SearchHospitalTest"/>
  <testcase name="InvalidCorporateWellness" time="10.626" classname="com.hospital.qa.testcases.SearchHospitalTest"/>
  <testcase name="invalidDisplayLoc" time="11.841" classname="com.hospital.qa.testcases.SearchHospitalTest"/>
  <testcase name="invalidHospitalName" time="13.935" classname="com.hospital.qa.testcases.SearchHospitalTest"/>
  <testcase name="nullInvalidForm" time="103.061" classname="com.hospital.qa.testcases.SearchHospitalTest"/>
  <testcase name="InvalidNameInCw" time="16.11" classname="com.hospital.qa.testcases.SearchHospitalTest"/>
  <testcase name="InvalidOrgNameCw" time="5.003" classname="com.hospital.qa.testcases.SearchHospitalTest"/>
  <testcase name="InvalidPhoneNoCw" time="7.722" classname="com.hospital.qa.testcases.SearchHospitalTest"/>
  <testcase name="specCharNameInCw" time="10.639" classname="com.hospital.qa.testcases.SearchHospitalTest"/>
  <testcase name="specOrgNameCw" time="6.039" classname="com.hospital.qa.testcases.SearchHospitalTest"/>
  <testcase name="charPhoneNo" time="4.079" classname="com.hospital.qa.testcases.SearchHospitalTest"/>
  <testcase name="alphaNumericPhoneNo" time="6.922" classname="com.hospital.qa.testcases.SearchHospitalTest"/>
  <testcase name="wrongFormatPhoneNo" time="14.375" classname="com.hospital.qa.testcases.SearchHospitalTest"/>
  <testcase name="testHospitalTextbox" time="7.186" classname="com.hospital.qa.testcases.SearchHospitalTest"/>
  <testcase name="checkTitle" time="0.002" classname="com.hospital.qa.testcases.SearchHospitalTest"/>
  <testcase name="testCheckBox" time="0.503" classname="com.hospital.qa.testcases.SearchHospitalTest"/>
  <testcase name="testDropdownText" time="0.0" classname="com.hospital.qa.testcases.SearchHospitalTest"/>
  <testcase name="hasParkingTest" time="0.0" classname="com.hospital.qa.testcases.SearchHospitalTest"/>
</testsuite> <!-- Test -->
